0 verbose cli /usr/local/bin/node /usr/local/bin/npm
1 info using npm@10.8.2
2 info using node@v20.19.6
3 silly config load:file:/usr/local/lib/node_modules/npm/npmrc
4 silly config load:file:/data/.npmrc
5 silly config load:file:/usr/src/node-red/.npmrc
6 silly config load:file:/usr/local/etc/npmrc
7 verbose title npm install node-red-node-telegrambot@0.1.6
8 verbose argv "install" "--no-audit" "--no-update-notifier" "--no-fund" "--save" "--save-prefix" "~" "--omit" "dev" "--engine-strict" "node-red-node-telegrambot@0.1.6"
9 verbose logfile logs-max:10 dir:/data/.npm/_logs/2025-12-18T23_45_23_227Z-
10 verbose logfile /data/.npm/_logs/2025-12-18T23_45_23_227Z-debug-0.log
11 silly packumentCache heap:2197815296 maxSize:549453824 maxEntrySize:274726912
12 silly logfile done cleaning log files
13 silly idealTree buildDeps
14 silly fetch manifest node-red-node-telegrambot@0.1.6
15 silly packumentCache full:https://registry.npmjs.org/node-red-node-telegrambot cache-miss
16 http fetch GET 200 https://registry.npmjs.org/node-red-node-telegrambot 343ms (cache miss)
17 silly packumentCache full:https://registry.npmjs.org/node-red-node-telegrambot set size:undefined disposed:false
18 silly placeDep ROOT node-red-node-telegrambot@0.1.6 OK for: node-red-project@0.0.1 want: 0.1.6
19 silly fetch manifest telegram@^2.18.38
20 silly packumentCache full:https://registry.npmjs.org/telegram cache-miss
21 http fetch GET 200 https://registry.npmjs.org/telegram 204ms (cache miss)
22 silly packumentCache full:https://registry.npmjs.org/telegram set size:undefined disposed:false
23 silly placeDep ROOT telegram@2.26.22 OK for: node-red-node-telegrambot@0.1.6 want: ^2.18.38
24 silly fetch manifest @cryptography/aes@^0.1.1
25 silly packumentCache full:https://registry.npmjs.org/@cryptography%2faes cache-miss
26 silly fetch manifest async-mutex@^0.3.0
27 silly packumentCache full:https://registry.npmjs.org/async-mutex cache-miss
28 silly fetch manifest big-integer@^1.6.48
29 silly packumentCache full:https://registry.npmjs.org/big-integer cache-miss
30 http fetch GET 200 https://registry.npmjs.org/async-mutex 160ms (cache miss)
31 silly packumentCache full:https://registry.npmjs.org/async-mutex set size:undefined disposed:false
32 silly fetch manifest buffer@^6.0.3
33 silly packumentCache full:https://registry.npmjs.org/buffer cache-miss
34 http fetch GET 200 https://registry.npmjs.org/big-integer 173ms (cache miss)
35 silly packumentCache full:https://registry.npmjs.org/big-integer set size:undefined disposed:false
36 silly fetch manifest htmlparser2@^6.1.0
37 silly packumentCache full:https://registry.npmjs.org/htmlparser2 cache-miss
38 http fetch GET 200 https://registry.npmjs.org/@cryptography%2faes 273ms (cache miss)
39 silly packumentCache full:https://registry.npmjs.org/@cryptography%2faes set size:undefined disposed:false
40 silly fetch manifest mime@^3.0.0
41 silly packumentCache full:https://registry.npmjs.org/mime cache-miss
42 http fetch GET 200 https://registry.npmjs.org/buffer 124ms (cache miss)
43 silly packumentCache full:https://registry.npmjs.org/buffer set size:undefined disposed:false
44 silly fetch manifest pako@^2.0.3
45 silly packumentCache full:https://registry.npmjs.org/pako cache-miss
46 http fetch GET 200 https://registry.npmjs.org/htmlparser2 120ms (cache miss)
47 silly packumentCache full:https://registry.npmjs.org/htmlparser2 set size:undefined disposed:false
48 silly fetch manifest path-browserify@^1.0.1
49 silly packumentCache full:https://registry.npmjs.org/path-browserify cache-miss
50 http fetch GET 200 https://registry.npmjs.org/mime 121ms (cache miss)
51 silly packumentCache full:https://registry.npmjs.org/mime set size:undefined disposed:false
52 silly fetch manifest real-cancellable-promise@^1.1.1
53 silly packumentCache full:https://registry.npmjs.org/real-cancellable-promise cache-miss
54 http fetch GET 200 https://registry.npmjs.org/pako 115ms (cache miss)
55 silly packumentCache full:https://registry.npmjs.org/pako set size:undefined disposed:false
56 silly fetch manifest store2@^2.13.0
57 silly packumentCache full:https://registry.npmjs.org/store2 cache-miss
58 http fetch GET 200 https://registry.npmjs.org/path-browserify 122ms (cache miss)
59 silly packumentCache full:https://registry.npmjs.org/path-browserify set size:undefined disposed:false
60 silly fetch manifest ts-custom-error@^3.2.0
61 silly packumentCache full:https://registry.npmjs.org/ts-custom-error cache-miss
62 http fetch GET 200 https://registry.npmjs.org/store2 97ms (cache miss)
63 silly packumentCache full:https://registry.npmjs.org/store2 set size:undefined disposed:false
64 silly fetch manifest websocket@^1.0.34
65 silly packumentCache full:https://registry.npmjs.org/websocket cache-miss
66 http fetch GET 200 https://registry.npmjs.org/real-cancellable-promise 129ms (cache miss)
67 silly packumentCache full:https://registry.npmjs.org/real-cancellable-promise set size:undefined disposed:false
68 silly fetch manifest node-localstorage@^2.2.1
69 silly packumentCache full:https://registry.npmjs.org/node-localstorage cache-miss
70 http fetch GET 200 https://registry.npmjs.org/ts-custom-error 120ms (cache miss)
71 silly packumentCache full:https://registry.npmjs.org/ts-custom-error set size:undefined disposed:false
72 silly fetch manifest socks@^2.6.2
73 silly packumentCache full:https://registry.npmjs.org/socks cache-miss
74 http fetch GET 200 https://registry.npmjs.org/websocket 112ms (cache miss)
75 silly packumentCache full:https://registry.npmjs.org/websocket set size:undefined disposed:false
76 silly fetch manifest bufferutil@^4.0.3
77 silly packumentCache full:https://registry.npmjs.org/bufferutil cache-miss
78 http fetch GET 200 https://registry.npmjs.org/node-localstorage 133ms (cache miss)
79 silly packumentCache full:https://registry.npmjs.org/node-localstorage set size:undefined disposed:false
80 silly fetch manifest utf-8-validate@^5.0.5
81 silly packumentCache full:https://registry.npmjs.org/utf-8-validate cache-miss
82 http fetch GET 200 https://registry.npmjs.org/socks 134ms (cache miss)
83 silly packumentCache full:https://registry.npmjs.org/socks set size:undefined disposed:false
84 http fetch GET 200 https://registry.npmjs.org/bufferutil 71ms (cache hit)
85 silly packumentCache full:https://registry.npmjs.org/bufferutil set size:52763 disposed:false
86 http fetch GET 200 https://registry.npmjs.org/utf-8-validate 55ms (cache hit)
87 silly packumentCache full:https://registry.npmjs.org/utf-8-validate set size:77148 disposed:false
88 silly placeDep ROOT @cryptography/aes@0.1.1 OK for: telegram@2.26.22 want: ^0.1.1
89 silly placeDep ROOT async-mutex@0.3.2 OK for: telegram@2.26.22 want: ^0.3.0
90 silly placeDep ROOT big-integer@1.6.52 OK for: telegram@2.26.22 want: ^1.6.48
91 silly placeDep ROOT buffer@6.0.3 OK for: telegram@2.26.22 want: ^6.0.3
92 silly placeDep ROOT bufferutil@4.1.0 OK for: telegram@2.26.22 want: ^4.0.3
93 silly placeDep ROOT htmlparser2@6.1.0 OK for: telegram@2.26.22 want: ^6.1.0
94 silly placeDep ROOT mime@3.0.0 OK for: telegram@2.26.22 want: ^3.0.0
95 silly placeDep ROOT node-localstorage@2.2.1 OK for: telegram@2.26.22 want: ^2.2.1
96 silly placeDep ROOT pako@2.1.0 OK for: telegram@2.26.22 want: ^2.0.3
97 silly placeDep ROOT path-browserify@1.0.1 OK for: telegram@2.26.22 want: ^1.0.1
98 silly placeDep ROOT real-cancellable-promise@1.2.3 OK for: telegram@2.26.22 want: ^1.1.1
99 silly placeDep ROOT socks@2.8.7 OK for: telegram@2.26.22 want: ^2.6.2
100 silly placeDep ROOT store2@2.14.4 OK for: telegram@2.26.22 want: ^2.13.0
101 silly placeDep ROOT ts-custom-error@3.3.1 OK for: telegram@2.26.22 want: ^3.2.0
102 silly placeDep ROOT utf-8-validate@5.0.10 OK for: telegram@2.26.22 want: ^5.0.5
103 silly placeDep ROOT websocket@1.0.35 OK for: telegram@2.26.22 want: ^1.0.34
104 silly fetch manifest base64-js@^1.3.1
105 silly packumentCache full:https://registry.npmjs.org/base64-js cache-miss
106 silly fetch manifest ieee754@^1.2.1
107 silly packumentCache full:https://registry.npmjs.org/ieee754 cache-miss
108 silly fetch manifest node-gyp-build@^4.3.0
109 silly packumentCache full:https://registry.npmjs.org/node-gyp-build cache-miss
110 http fetch GET 200 https://registry.npmjs.org/base64-js 127ms (cache miss)
111 silly packumentCache full:https://registry.npmjs.org/base64-js set size:undefined disposed:false
112 silly fetch manifest domutils@^2.5.2
113 silly packumentCache full:https://registry.npmjs.org/domutils cache-miss
114 http fetch GET 200 https://registry.npmjs.org/node-gyp-build 137ms (cache miss)
115 silly packumentCache full:https://registry.npmjs.org/node-gyp-build set size:undefined disposed:false
116 silly fetch manifest entities@^2.0.0
117 silly packumentCache full:https://registry.npmjs.org/entities cache-miss
118 http fetch GET 200 https://registry.npmjs.org/ieee754 151ms (cache miss)
119 silly packumentCache full:https://registry.npmjs.org/ieee754 set size:undefined disposed:false
120 silly fetch manifest domhandler@^4.0.0
121 silly packumentCache full:https://registry.npmjs.org/domhandler cache-miss
122 http fetch GET 200 https://registry.npmjs.org/domutils 111ms (cache miss)
123 silly packumentCache full:https://registry.npmjs.org/domutils set size:undefined disposed:false
124 silly fetch manifest domelementtype@^2.0.1
125 silly packumentCache full:https://registry.npmjs.org/domelementtype cache-miss
126 http fetch GET 200 https://registry.npmjs.org/domhandler 105ms (cache miss)
127 silly packumentCache full:https://registry.npmjs.org/domhandler set size:undefined disposed:false
128 silly fetch manifest write-file-atomic@^1.1.4
129 silly packumentCache full:https://registry.npmjs.org/write-file-atomic cache-miss
130 http fetch GET 200 https://registry.npmjs.org/entities 129ms (cache miss)
131 silly packumentCache full:https://registry.npmjs.org/entities set size:undefined disposed:false
132 silly fetch manifest ip-address@^10.0.1
133 silly packumentCache full:https://registry.npmjs.org/ip-address cache-miss
134 http fetch GET 200 https://registry.npmjs.org/domelementtype 121ms (cache miss)
135 silly packumentCache full:https://registry.npmjs.org/domelementtype set size:undefined disposed:false
136 silly fetch manifest smart-buffer@^4.2.0
137 silly packumentCache full:https://registry.npmjs.org/smart-buffer cache-miss
138 http fetch GET 200 https://registry.npmjs.org/write-file-atomic 111ms (cache miss)
139 silly packumentCache full:https://registry.npmjs.org/write-file-atomic set size:undefined disposed:false
140 silly fetch manifest debug@^2.2.0
141 silly packumentCache full:https://registry.npmjs.org/debug cache-miss
142 http fetch GET 200 https://registry.npmjs.org/ip-address 130ms (cache miss)
143 silly packumentCache full:https://registry.npmjs.org/ip-address set size:undefined disposed:false
144 silly fetch manifest es5-ext@^0.10.63
145 silly packumentCache full:https://registry.npmjs.org/es5-ext cache-miss
146 http fetch GET 200 https://registry.npmjs.org/smart-buffer 146ms (cache miss)
147 silly packumentCache full:https://registry.npmjs.org/smart-buffer set size:undefined disposed:false
148 silly fetch manifest typedarray-to-buffer@^3.1.5
149 silly packumentCache full:https://registry.npmjs.org/typedarray-to-buffer cache-miss
150 http fetch GET 200 https://registry.npmjs.org/debug 150ms (cache miss)
151 silly packumentCache full:https://registry.npmjs.org/debug set size:undefined disposed:false
152 silly fetch manifest yaeti@^0.0.6
153 silly packumentCache full:https://registry.npmjs.org/yaeti cache-miss
154 http fetch GET 200 https://registry.npmjs.org/es5-ext 172ms (cache miss)
155 silly packumentCache full:https://registry.npmjs.org/es5-ext set size:undefined disposed:false
156 http fetch GET 200 https://registry.npmjs.org/yaeti 87ms (cache miss)
157 silly packumentCache full:https://registry.npmjs.org/yaeti set size:undefined disposed:false
158 http fetch GET 200 https://registry.npmjs.org/typedarray-to-buffer 113ms (cache miss)
159 silly packumentCache full:https://registry.npmjs.org/typedarray-to-buffer set size:undefined disposed:false
160 silly placeDep ROOT base64-js@1.5.1 OK for: buffer@6.0.3 want: ^1.3.1
161 silly placeDep ROOT ieee754@1.2.1 OK for: buffer@6.0.3 want: ^1.2.1
162 silly placeDep ROOT node-gyp-build@4.8.4 OK for: bufferutil@4.1.0 want: ^4.3.0
163 silly placeDep ROOT domelementtype@2.3.0 OK for: htmlparser2@6.1.0 want: ^2.0.1
164 silly placeDep ROOT domhandler@4.3.1 OK for: htmlparser2@6.1.0 want: ^4.0.0
165 silly placeDep ROOT domutils@2.8.0 OK for: htmlparser2@6.1.0 want: ^2.5.2
166 silly placeDep ROOT entities@2.2.0 OK for: htmlparser2@6.1.0 want: ^2.0.0
167 silly fetch manifest dom-serializer@^1.0.1
168 silly packumentCache full:https://registry.npmjs.org/dom-serializer cache-miss
169 http fetch GET 200 https://registry.npmjs.org/dom-serializer 137ms (cache miss)
170 silly packumentCache full:https://registry.npmjs.org/dom-serializer set size:undefined disposed:false
171 silly placeDep ROOT dom-serializer@1.4.1 OK for: domutils@2.8.0 want: ^1.0.1
172 silly placeDep ROOT write-file-atomic@1.3.4 OK for: node-localstorage@2.2.1 want: ^1.1.4
173 silly fetch manifest slide@^1.1.5
174 silly packumentCache full:https://registry.npmjs.org/slide cache-miss
175 silly fetch manifest graceful-fs@^4.1.11
176 silly packumentCache full:https://registry.npmjs.org/graceful-fs cache-miss
177 silly fetch manifest imurmurhash@^0.1.4
178 silly packumentCache full:https://registry.npmjs.org/imurmurhash cache-miss
179 http fetch GET 200 https://registry.npmjs.org/imurmurhash 128ms (cache miss)
180 silly packumentCache full:https://registry.npmjs.org/imurmurhash set size:undefined disposed:false
181 http fetch GET 200 https://registry.npmjs.org/slide 137ms (cache miss)
182 silly packumentCache full:https://registry.npmjs.org/slide set size:undefined disposed:false
183 http fetch GET 200 https://registry.npmjs.org/graceful-fs 137ms (cache miss)
184 silly packumentCache full:https://registry.npmjs.org/graceful-fs set size:undefined disposed:false
185 silly placeDep ROOT ip-address@10.1.0 OK for: socks@2.8.7 want: ^10.0.1
186 silly placeDep ROOT smart-buffer@4.2.0 OK for: socks@2.8.7 want: ^4.2.0
187 silly placeDep ROOT debug@2.6.9 OK for: websocket@1.0.35 want: ^2.2.0
188 silly placeDep ROOT es5-ext@0.10.64 OK for: websocket@1.0.35 want: ^0.10.63
189 silly placeDep ROOT typedarray-to-buffer@3.1.5 OK for: websocket@1.0.35 want: ^3.1.5
190 silly placeDep ROOT yaeti@0.0.6 OK for: websocket@1.0.35 want: ^0.0.6
191 silly fetch manifest ms@2.0.0
192 silly packumentCache full:https://registry.npmjs.org/ms cache-miss
193 silly fetch manifest es6-iterator@^2.0.3
194 silly packumentCache full:https://registry.npmjs.org/es6-iterator cache-miss
195 silly fetch manifest es6-symbol@^3.1.3
196 silly packumentCache full:https://registry.npmjs.org/es6-symbol cache-miss
197 http fetch GET 200 https://registry.npmjs.org/ms 112ms (cache miss)
198 silly packumentCache full:https://registry.npmjs.org/ms set size:undefined disposed:false
199 silly fetch manifest esniff@^2.0.1
200 silly packumentCache full:https://registry.npmjs.org/esniff cache-miss
201 http fetch GET 200 https://registry.npmjs.org/es6-iterator 121ms (cache miss)
202 silly packumentCache full:https://registry.npmjs.org/es6-iterator set size:undefined disposed:false
203 silly fetch manifest next-tick@^1.1.0
204 silly packumentCache full:https://registry.npmjs.org/next-tick cache-miss
205 http fetch GET 200 https://registry.npmjs.org/es6-symbol 129ms (cache miss)
206 silly packumentCache full:https://registry.npmjs.org/es6-symbol set size:undefined disposed:false
207 silly fetch manifest is-typedarray@^1.0.0
208 silly packumentCache full:https://registry.npmjs.org/is-typedarray cache-miss
209 http fetch GET 200 https://registry.npmjs.org/esniff 106ms (cache miss)
210 silly packumentCache full:https://registry.npmjs.org/esniff set size:undefined disposed:false
211 http fetch GET 200 https://registry.npmjs.org/next-tick 100ms (cache miss)
212 silly packumentCache full:https://registry.npmjs.org/next-tick set size:undefined disposed:false
213 http fetch GET 200 https://registry.npmjs.org/is-typedarray 102ms (cache miss)
214 silly packumentCache full:https://registry.npmjs.org/is-typedarray set size:undefined disposed:false
215 silly placeDep ROOT ms@2.0.0 OK for: debug@2.6.9 want: 2.0.0
216 silly placeDep ROOT es6-iterator@2.0.3 OK for: es5-ext@0.10.64 want: ^2.0.3
217 silly placeDep ROOT es6-symbol@3.1.4 OK for: es5-ext@0.10.64 want: ^3.1.3
218 silly placeDep ROOT esniff@2.0.1 OK for: es5-ext@0.10.64 want: ^2.0.1
219 silly placeDep ROOT next-tick@1.1.0 OK for: es5-ext@0.10.64 want: ^1.1.0
220 silly fetch manifest d@1
221 silly packumentCache full:https://registry.npmjs.org/d cache-miss
222 silly fetch manifest es6-symbol@^3.1.1
223 silly packumentCache full:https://registry.npmjs.org/es6-symbol cache-miss
224 silly fetch manifest d@^1.0.2
225 silly packumentCache full:https://registry.npmjs.org/d cache-miss
226 http fetch GET 200 https://registry.npmjs.org/es6-symbol 59ms (cache hit)
227 silly packumentCache full:https://registry.npmjs.org/es6-symbol set size:32033 disposed:false
228 silly fetch manifest ext@^1.7.0
229 silly packumentCache full:https://registry.npmjs.org/ext cache-miss
230 http fetch GET 200 https://registry.npmjs.org/d 100ms (cache miss)
231 silly packumentCache full:https://registry.npmjs.org/d set size:undefined disposed:false
232 silly fetch manifest d@^1.0.1
233 silly packumentCache full:https://registry.npmjs.org/d cache-miss
234 http fetch GET 200 https://registry.npmjs.org/d 111ms (cache miss)
235 silly packumentCache full:https://registry.npmjs.org/d set size:undefined disposed:false
236 silly fetch manifest event-emitter@^0.3.5
237 silly packumentCache full:https://registry.npmjs.org/event-emitter cache-miss
238 http fetch GET 200 https://registry.npmjs.org/ext 96ms (cache miss)
239 silly packumentCache full:https://registry.npmjs.org/ext set size:undefined disposed:false
240 silly fetch manifest type@^2.7.2
241 silly packumentCache full:https://registry.npmjs.org/type cache-miss
242 http fetch GET 200 https://registry.npmjs.org/d 75ms (cache hit)
243 silly packumentCache full:https://registry.npmjs.org/d set size:14705 disposed:false
244 http fetch GET 200 https://registry.npmjs.org/event-emitter 104ms (cache miss)
245 silly packumentCache full:https://registry.npmjs.org/event-emitter set size:undefined disposed:false
246 http fetch GET 200 https://registry.npmjs.org/type 91ms (cache miss)
247 silly packumentCache full:https://registry.npmjs.org/type set size:undefined disposed:false
248 silly placeDep ROOT d@1.0.2 OK for: es6-iterator@2.0.3 want: 1
249 silly placeDep ROOT type@2.7.3 OK for: d@1.0.2 want: ^2.7.2
250 silly placeDep ROOT ext@1.7.0 OK for: es6-symbol@3.1.4 want: ^1.7.0
251 silly placeDep ROOT event-emitter@0.3.5 OK for: esniff@2.0.1 want: ^0.3.5
252 silly placeDep ROOT is-typedarray@1.0.0 OK for: typedarray-to-buffer@3.1.5 want: ^1.0.0
253 silly placeDep ROOT graceful-fs@4.2.11 OK for: write-file-atomic@1.3.4 want: ^4.1.11
254 silly placeDep ROOT imurmurhash@0.1.4 OK for: write-file-atomic@1.3.4 want: ^0.1.4
255 silly placeDep ROOT slide@1.1.6 OK for: write-file-atomic@1.3.4 want: ^1.1.5
256 silly reify moves {}
257 silly tarball no local data for is-typedarray@https://registry.npmjs.org/is-typedarray/-/is-typedarray-1.0.0.tgz. Extracting by manifest.
258 silly tarball no local data for slide@https://registry.npmjs.org/slide/-/slide-1.1.6.tgz. Extracting by manifest.
259 silly tarball no local data for imurmurhash@https://registry.npmjs.org/imurmurhash/-/imurmurhash-0.1.4.tgz. Extracting by manifest.
260 silly tarball no local data for type@https://registry.npmjs.org/type/-/type-2.7.3.tgz. Extracting by manifest.
261 silly tarball no local data for graceful-fs@https://registry.npmjs.org/graceful-fs/-/graceful-fs-4.2.11.tgz. Extracting by manifest.
262 silly tarball no local data for ext@https://registry.npmjs.org/ext/-/ext-1.7.0.tgz. Extracting by manifest.
263 silly tarball no local data for esniff@https://registry.npmjs.org/esniff/-/esniff-2.0.1.tgz. Extracting by manifest.
264 silly tarball no local data for d@https://registry.npmjs.org/d/-/d-1.0.2.tgz. Extracting by manifest.
265 silly tarball no local data for es6-symbol@https://registry.npmjs.org/es6-symbol/-/es6-symbol-3.1.4.tgz. Extracting by manifest.
266 silly tarball no local data for es6-iterator@https://registry.npmjs.org/es6-iterator/-/es6-iterator-2.0.3.tgz. Extracting by manifest.
267 silly tarball no local data for event-emitter@https://registry.npmjs.org/event-emitter/-/event-emitter-0.3.5.tgz. Extracting by manifest.
268 silly tarball no local data for next-tick@https://registry.npmjs.org/next-tick/-/next-tick-1.1.0.tgz. Extracting by manifest.
269 silly tarball no local data for typedarray-to-buffer@https://registry.npmjs.org/typedarray-to-buffer/-/typedarray-to-buffer-3.1.5.tgz. Extracting by manifest.
270 silly tarball no local data for yaeti@https://registry.npmjs.org/yaeti/-/yaeti-0.0.6.tgz. Extracting by manifest.
271 silly tarball no local data for debug@https://registry.npmjs.org/debug/-/debug-2.6.9.tgz. Extracting by manifest.
272 silly tarball no local data for ms@https://registry.npmjs.org/ms/-/ms-2.0.0.tgz. Extracting by manifest.
273 silly tarball no local data for es5-ext@https://registry.npmjs.org/es5-ext/-/es5-ext-0.10.64.tgz. Extracting by manifest.
274 silly tarball no local data for smart-buffer@https://registry.npmjs.org/smart-buffer/-/smart-buffer-4.2.0.tgz. Extracting by manifest.
275 silly tarball no local data for entities@https://registry.npmjs.org/entities/-/entities-2.2.0.tgz. Extracting by manifest.
276 silly tarball no local data for domutils@https://registry.npmjs.org/domutils/-/domutils-2.8.0.tgz. Extracting by manifest.
277 silly tarball no local data for node-gyp-build@https://registry.npmjs.org/node-gyp-build/-/node-gyp-build-4.8.4.tgz. Extracting by manifest.
278 silly tarball no local data for domhandler@https://registry.npmjs.org/domhandler/-/domhandler-4.3.1.tgz. Extracting by manifest.
279 silly tarball no local data for write-file-atomic@https://registry.npmjs.org/write-file-atomic/-/write-file-atomic-1.3.4.tgz. Extracting by manifest.
280 silly tarball no local data for dom-serializer@https://registry.npmjs.org/dom-serializer/-/dom-serializer-1.4.1.tgz. Extracting by manifest.
281 silly tarball no local data for ip-address@https://registry.npmjs.org/ip-address/-/ip-address-10.1.0.tgz. Extracting by manifest.
282 silly tarball no local data for base64-js@https://registry.npmjs.org/base64-js/-/base64-js-1.5.1.tgz. Extracting by manifest.
283 silly tarball no local data for websocket@https://registry.npmjs.org/websocket/-/websocket-1.0.35.tgz. Extracting by manifest.
284 silly tarball no local data for ieee754@https://registry.npmjs.org/ieee754/-/ieee754-1.2.1.tgz. Extracting by manifest.
285 silly tarball no local data for domelementtype@https://registry.npmjs.org/domelementtype/-/domelementtype-2.3.0.tgz. Extracting by manifest.
286 silly tarball no local data for store2@https://registry.npmjs.org/store2/-/store2-2.14.4.tgz. Extracting by manifest.
287 silly tarball no local data for real-cancellable-promise@https://registry.npmjs.org/real-cancellable-promise/-/real-cancellable-promise-1.2.3.tgz. Extracting by manifest.
288 silly tarball no local data for utf-8-validate@https://registry.npmjs.org/utf-8-validate/-/utf-8-validate-5.0.10.tgz. Extracting by manifest.
289 silly tarball no local data for ts-custom-error@https://registry.npmjs.org/ts-custom-error/-/ts-custom-error-3.3.1.tgz. Extracting by manifest.
290 silly tarball no local data for pako@https://registry.npmjs.org/pako/-/pako-2.1.0.tgz. Extracting by manifest.
291 silly tarball no local data for socks@https://registry.npmjs.org/socks/-/socks-2.8.7.tgz. Extracting by manifest.
292 silly tarball no local data for mime@https://registry.npmjs.org/mime/-/mime-3.0.0.tgz. Extracting by manifest.
293 silly tarball no local data for path-browserify@https://registry.npmjs.org/path-browserify/-/path-browserify-1.0.1.tgz. Extracting by manifest.
294 silly tarball no local data for node-localstorage@https://registry.npmjs.org/node-localstorage/-/node-localstorage-2.2.1.tgz. Extracting by manifest.
295 silly tarball no local data for htmlparser2@https://registry.npmjs.org/htmlparser2/-/htmlparser2-6.1.0.tgz. Extracting by manifest.
296 silly tarball no local data for big-integer@https://registry.npmjs.org/big-integer/-/big-integer-1.6.52.tgz. Extracting by manifest.
297 silly tarball no local data for async-mutex@https://registry.npmjs.org/async-mutex/-/async-mutex-0.3.2.tgz. Extracting by manifest.
298 silly tarball no local data for telegram@https://registry.npmjs.org/telegram/-/telegram-2.26.22.tgz. Extracting by manifest.
299 silly tarball no local data for bufferutil@https://registry.npmjs.org/bufferutil/-/bufferutil-4.1.0.tgz. Extracting by manifest.
300 silly tarball no local data for buffer@https://registry.npmjs.org/buffer/-/buffer-6.0.3.tgz. Extracting by manifest.
301 silly tarball no local data for node-red-node-telegrambot@https://registry.npmjs.org/node-red-node-telegrambot/-/node-red-node-telegrambot-0.1.6.tgz. Extracting by manifest.
302 silly tarball no local data for @cryptography/aes@https://registry.npmjs.org/@cryptography/aes/-/aes-0.1.1.tgz. Extracting by manifest.
303 http fetch GET 200 https://registry.npmjs.org/imurmurhash/-/imurmurhash-0.1.4.tgz 1814ms (cache miss)
304 http fetch GET 200 https://registry.npmjs.org/ms/-/ms-2.0.0.tgz 1933ms (cache miss)
305 http fetch GET 200 https://registry.npmjs.org/is-typedarray/-/is-typedarray-1.0.0.tgz 2324ms (cache miss)
306 http fetch GET 200 https://registry.npmjs.org/slide/-/slide-1.1.6.tgz 2526ms (cache miss)
307 http fetch GET 200 https://registry.npmjs.org/node-gyp-build/-/node-gyp-build-4.8.4.tgz 3071ms (cache miss)
308 http fetch GET 200 https://registry.npmjs.org/dom-serializer/-/dom-serializer-1.4.1.tgz 3194ms (cache miss)
309 http fetch GET 200 https://registry.npmjs.org/write-file-atomic/-/write-file-atomic-1.3.4.tgz 3259ms (cache miss)
310 http fetch GET 200 https://registry.npmjs.org/base64-js/-/base64-js-1.5.1.tgz 3591ms (cache miss)
311 http fetch GET 200 https://registry.npmjs.org/ieee754/-/ieee754-1.2.1.tgz 3719ms (cache miss)
312 http fetch GET 200 https://registry.npmjs.org/domelementtype/-/domelementtype-2.3.0.tgz 3746ms (cache miss)
313 http fetch GET 200 https://registry.npmjs.org/typedarray-to-buffer/-/typedarray-to-buffer-3.1.5.tgz 3778ms (cache miss)
314 http fetch GET 200 https://registry.npmjs.org/domhandler/-/domhandler-4.3.1.tgz 3766ms (cache miss)
315 http fetch GET 200 https://registry.npmjs.org/yaeti/-/yaeti-0.0.6.tgz 3822ms (cache miss)
316 warn deprecated yaeti@0.0.6: Package no longer supported. Contact Support at https://www.npmjs.com/support for more info.
317 http fetch GET 200 https://registry.npmjs.org/next-tick/-/next-tick-1.1.0.tgz 4070ms (cache miss)
318 http fetch GET 200 https://registry.npmjs.org/d/-/d-1.0.2.tgz 4089ms (cache miss)
319 http fetch GET 200 https://registry.npmjs.org/async-mutex/-/async-mutex-0.3.2.tgz 4315ms (cache miss)
320 http fetch GET 200 https://registry.npmjs.org/entities/-/entities-2.2.0.tgz 4603ms (cache miss)
321 http fetch GET 200 https://registry.npmjs.org/node-localstorage/-/node-localstorage-2.2.1.tgz 4733ms (cache miss)
322 http fetch GET 200 https://registry.npmjs.org/graceful-fs/-/graceful-fs-4.2.11.tgz 4916ms (cache miss)
323 http fetch GET 200 https://registry.npmjs.org/smart-buffer/-/smart-buffer-4.2.0.tgz 4970ms (cache miss)
324 http fetch GET 200 https://registry.npmjs.org/domutils/-/domutils-2.8.0.tgz 5416ms (cache miss)
325 http fetch GET 200 https://registry.npmjs.org/buffer/-/buffer-6.0.3.tgz 5398ms (cache miss)
326 http fetch GET 200 https://registry.npmjs.org/real-cancellable-promise/-/real-cancellable-promise-1.2.3.tgz 5655ms (cache miss)
327 http fetch GET 200 https://registry.npmjs.org/node-red-node-telegrambot/-/node-red-node-telegrambot-0.1.6.tgz 5656ms (cache miss)
328 http fetch GET 200 https://registry.npmjs.org/event-emitter/-/event-emitter-0.3.5.tgz 5933ms (cache miss)
329 http fetch GET 200 https://registry.npmjs.org/es6-iterator/-/es6-iterator-2.0.3.tgz 6237ms (cache miss)
330 http fetch GET 200 https://registry.npmjs.org/es6-symbol/-/es6-symbol-3.1.4.tgz 6390ms (cache miss)
331 http fetch GET 200 https://registry.npmjs.org/ts-custom-error/-/ts-custom-error-3.3.1.tgz 6557ms (cache miss)
332 http fetch GET 200 https://registry.npmjs.org/debug/-/debug-2.6.9.tgz 6657ms (cache miss)
333 http fetch GET 200 https://registry.npmjs.org/@cryptography/aes/-/aes-0.1.1.tgz 6739ms (cache miss)
334 http fetch GET 200 https://registry.npmjs.org/mime/-/mime-3.0.0.tgz 6856ms (cache miss)
335 http fetch GET 200 https://registry.npmjs.org/path-browserify/-/path-browserify-1.0.1.tgz 6868ms (cache miss)
336 http fetch GET 200 https://registry.npmjs.org/store2/-/store2-2.14.4.tgz 7258ms (cache miss)
337 http fetch GET 200 https://registry.npmjs.org/big-integer/-/big-integer-1.6.52.tgz 7317ms (cache miss)
338 http fetch GET 200 https://registry.npmjs.org/esniff/-/esniff-2.0.1.tgz 7437ms (cache miss)
339 http fetch GET 200 https://registry.npmjs.org/htmlparser2/-/htmlparser2-6.1.0.tgz 7505ms (cache miss)
340 http fetch GET 200 https://registry.npmjs.org/utf-8-validate/-/utf-8-validate-5.0.10.tgz 7611ms (cache miss)
341 http fetch GET 200 https://registry.npmjs.org/websocket/-/websocket-1.0.35.tgz 8053ms (cache miss)
342 http fetch GET 200 https://registry.npmjs.org/ext/-/ext-1.7.0.tgz 8147ms (cache miss)
343 http fetch GET 200 https://registry.npmjs.org/bufferutil/-/bufferutil-4.1.0.tgz 8710ms (cache miss)
344 http fetch GET 200 https://registry.npmjs.org/socks/-/socks-2.8.7.tgz 8836ms (cache miss)
345 http fetch GET 200 https://registry.npmjs.org/ip-address/-/ip-address-10.1.0.tgz 8905ms (cache miss)
346 http fetch GET 200 https://registry.npmjs.org/pako/-/pako-2.1.0.tgz 10318ms (cache miss)
347 http fetch GET 200 https://registry.npmjs.org/type/-/type-2.7.3.tgz 10925ms (cache miss)
348 http fetch GET 200 https://registry.npmjs.org/telegram/-/telegram-2.26.22.tgz 12417ms (cache miss)
349 http fetch GET 200 https://registry.npmjs.org/es5-ext/-/es5-ext-0.10.64.tgz 14348ms (cache miss)
350 info run bufferutil@4.1.0 install node_modules/bufferutil node-gyp-build
351 info run utf-8-validate@5.0.10 install node_modules/utf-8-validate node-gyp-build
352 info run bufferutil@4.1.0 install { code: 0, signal: null }
353 info run utf-8-validate@5.0.10 install { code: 0, signal: null }
354 info run es5-ext@0.10.64 postinstall node_modules/es5-ext  node -e "try{require('./_postinstall')}catch(e){}" || exit 0
355 info run es5-ext@0.10.64 postinstall { code: 0, signal: null }
356 silly ADD node_modules/slide
357 silly ADD node_modules/imurmurhash
358 silly ADD node_modules/graceful-fs
359 silly ADD node_modules/is-typedarray
360 silly ADD node_modules/event-emitter
361 silly ADD node_modules/ext
362 silly ADD node_modules/type
363 silly ADD node_modules/d
364 silly ADD node_modules/next-tick
365 silly ADD node_modules/esniff
366 silly ADD node_modules/es6-symbol
367 silly ADD node_modules/es6-iterator
368 silly ADD node_modules/ms
369 silly ADD node_modules/yaeti
370 silly ADD node_modules/typedarray-to-buffer
371 silly ADD node_modules/es5-ext
372 silly ADD node_modules/debug
373 silly ADD node_modules/smart-buffer
374 silly ADD node_modules/ip-address
375 silly ADD node_modules/write-file-atomic
376 silly ADD node_modules/dom-serializer
377 silly ADD node_modules/entities
378 silly ADD node_modules/domutils
379 silly ADD node_modules/domhandler
380 silly ADD node_modules/domelementtype
381 silly ADD node_modules/node-gyp-build
382 silly ADD node_modules/ieee754
383 silly ADD node_modules/base64-js
384 silly ADD node_modules/websocket
385 silly ADD node_modules/utf-8-validate
386 silly ADD node_modules/ts-custom-error
387 silly ADD node_modules/store2
388 silly ADD node_modules/socks
389 silly ADD node_modules/real-cancellable-promise
390 silly ADD node_modules/path-browserify
391 silly ADD node_modules/pako
392 silly ADD node_modules/node-localstorage
393 silly ADD node_modules/mime
394 silly ADD node_modules/htmlparser2
395 silly ADD node_modules/bufferutil
396 silly ADD node_modules/buffer
397 silly ADD node_modules/big-integer
398 silly ADD node_modules/async-mutex
399 silly ADD node_modules/@cryptography/aes
400 silly ADD node_modules/telegram
401 silly ADD node_modules/node-red-node-telegrambot
402 verbose cwd /data
403 verbose os Linux 6.6.87.2-microsoft-standard-WSL2
404 verbose node v20.19.6
405 verbose npm  v10.8.2
406 verbose exit 0
407 info ok
