0 verbose cli /usr/local/bin/node /usr/local/bin/npm
1 info using npm@10.8.2
2 info using node@v20.19.6
3 silly config load:file:/usr/local/lib/node_modules/npm/npmrc
4 silly config load:file:/data/.npmrc
5 silly config load:file:/usr/src/node-red/.npmrc
6 silly config load:file:/usr/local/etc/npmrc
7 verbose title npm install node-red-contrib-zoom-meetings@0.0.3
8 verbose argv "install" "--no-audit" "--no-update-notifier" "--no-fund" "--save" "--save-prefix" "~" "--omit" "dev" "--engine-strict" "node-red-contrib-zoom-meetings@0.0.3"
9 verbose logfile logs-max:10 dir:/data/.npm/_logs/2025-12-18T23_42_57_560Z-
10 verbose logfile /data/.npm/_logs/2025-12-18T23_42_57_560Z-debug-0.log
11 silly packumentCache heap:2197815296 maxSize:549453824 maxEntrySize:274726912
12 silly logfile done cleaning log files
13 silly idealTree buildDeps
14 silly fetch manifest node-red-contrib-zoom-meetings@0.0.3
15 silly packumentCache full:https://registry.npmjs.org/node-red-contrib-zoom-meetings cache-miss
16 http fetch GET 200 https://registry.npmjs.org/node-red-contrib-zoom-meetings 369ms (cache miss)
17 silly packumentCache full:https://registry.npmjs.org/node-red-contrib-zoom-meetings set size:undefined disposed:false
18 silly placeDep ROOT node-red-contrib-zoom-meetings@0.0.3 OK for: node-red-project@0.0.1 want: 0.0.3
19 silly fetch manifest axios@^1.7.2
20 silly packumentCache full:https://registry.npmjs.org/axios cache-miss
21 http fetch GET 200 https://registry.npmjs.org/axios 160ms (cache miss)
22 silly packumentCache full:https://registry.npmjs.org/axios set size:undefined disposed:false
23 silly placeDep ROOT axios@1.13.2 OK for: node-red-contrib-zoom-meetings@0.0.3 want: ^1.7.2
24 silly fetch manifest follow-redirects@^1.15.6
25 silly packumentCache full:https://registry.npmjs.org/follow-redirects cache-miss
26 silly fetch manifest form-data@^4.0.4
27 silly packumentCache full:https://registry.npmjs.org/form-data cache-miss
28 silly fetch manifest proxy-from-env@^1.1.0
29 silly packumentCache full:https://registry.npmjs.org/proxy-from-env cache-miss
30 http fetch GET 200 https://registry.npmjs.org/follow-redirects 141ms (cache miss)
31 silly packumentCache full:https://registry.npmjs.org/follow-redirects set size:undefined disposed:false
32 http fetch GET 200 https://registry.npmjs.org/form-data 179ms (cache miss)
33 silly packumentCache full:https://registry.npmjs.org/form-data set size:undefined disposed:false
34 http fetch GET 200 https://registry.npmjs.org/proxy-from-env 184ms (cache miss)
35 silly packumentCache full:https://registry.npmjs.org/proxy-from-env set size:undefined disposed:false
36 silly placeDep ROOT follow-redirects@1.15.11 OK for: axios@1.13.2 want: ^1.15.6
37 silly placeDep ROOT form-data@4.0.5 OK for: axios@1.13.2 want: ^4.0.4
38 silly placeDep ROOT proxy-from-env@1.1.0 OK for: axios@1.13.2 want: ^1.1.0
39 silly fetch manifest asynckit@^0.4.0
40 silly packumentCache full:https://registry.npmjs.org/asynckit cache-miss
41 silly fetch manifest combined-stream@^1.0.8
42 silly packumentCache full:https://registry.npmjs.org/combined-stream cache-miss
43 silly fetch manifest es-set-tostringtag@^2.1.0
44 silly packumentCache full:https://registry.npmjs.org/es-set-tostringtag cache-miss
45 http fetch GET 200 https://registry.npmjs.org/es-set-tostringtag 108ms (cache miss)
46 silly packumentCache full:https://registry.npmjs.org/es-set-tostringtag set size:undefined disposed:false
47 silly fetch manifest hasown@^2.0.2
48 silly packumentCache full:https://registry.npmjs.org/hasown cache-miss
49 http fetch GET 200 https://registry.npmjs.org/combined-stream 114ms (cache miss)
50 silly packumentCache full:https://registry.npmjs.org/combined-stream set size:undefined disposed:false
51 silly fetch manifest mime-types@^2.1.12
52 silly packumentCache full:https://registry.npmjs.org/mime-types cache-miss
53 http fetch GET 200 https://registry.npmjs.org/asynckit 133ms (cache miss)
54 silly packumentCache full:https://registry.npmjs.org/asynckit set size:undefined disposed:false
55 http fetch GET 200 https://registry.npmjs.org/hasown 100ms (cache miss)
56 silly packumentCache full:https://registry.npmjs.org/hasown set size:undefined disposed:false
57 http fetch GET 200 https://registry.npmjs.org/mime-types 111ms (cache miss)
58 silly packumentCache full:https://registry.npmjs.org/mime-types set size:undefined disposed:false
59 silly placeDep ROOT asynckit@0.4.0 OK for: form-data@4.0.5 want: ^0.4.0
60 silly placeDep ROOT combined-stream@1.0.8 OK for: form-data@4.0.5 want: ^1.0.8
61 silly placeDep ROOT es-set-tostringtag@2.1.0 OK for: form-data@4.0.5 want: ^2.1.0
62 silly placeDep ROOT hasown@2.0.2 OK for: form-data@4.0.5 want: ^2.0.2
63 silly placeDep ROOT mime-types@2.1.35 OK for: form-data@4.0.5 want: ^2.1.12
64 silly fetch manifest delayed-stream@~1.0.0
65 silly packumentCache full:https://registry.npmjs.org/delayed-stream cache-miss
66 silly fetch manifest es-errors@^1.3.0
67 silly packumentCache full:https://registry.npmjs.org/es-errors cache-miss
68 silly fetch manifest get-intrinsic@^1.2.6
69 silly packumentCache full:https://registry.npmjs.org/get-intrinsic cache-miss
70 http fetch GET 200 https://registry.npmjs.org/get-intrinsic 135ms (cache miss)
71 silly packumentCache full:https://registry.npmjs.org/get-intrinsic set size:undefined disposed:false
72 silly fetch manifest has-tostringtag@^1.0.2
73 silly packumentCache full:https://registry.npmjs.org/has-tostringtag cache-miss
74 http fetch GET 200 https://registry.npmjs.org/es-errors 144ms (cache miss)
75 silly packumentCache full:https://registry.npmjs.org/es-errors set size:undefined disposed:false
76 silly fetch manifest function-bind@^1.1.2
77 silly packumentCache full:https://registry.npmjs.org/function-bind cache-miss
78 http fetch GET 200 https://registry.npmjs.org/delayed-stream 162ms (cache miss)
79 silly packumentCache full:https://registry.npmjs.org/delayed-stream set size:undefined disposed:false
80 silly fetch manifest mime-db@1.52.0
81 silly packumentCache full:https://registry.npmjs.org/mime-db cache-miss
82 http fetch GET 200 https://registry.npmjs.org/mime-db 649ms (cache miss)
83 silly packumentCache full:https://registry.npmjs.org/mime-db set size:undefined disposed:false
84 http fetch GET 200 https://registry.npmjs.org/function-bind 673ms (cache miss)
85 silly packumentCache full:https://registry.npmjs.org/function-bind set size:undefined disposed:false
86 http fetch GET 200 https://registry.npmjs.org/has-tostringtag 697ms (cache miss)
87 silly packumentCache full:https://registry.npmjs.org/has-tostringtag set size:undefined disposed:false
88 silly placeDep ROOT delayed-stream@1.0.0 OK for: combined-stream@1.0.8 want: ~1.0.0
89 silly placeDep ROOT es-errors@1.3.0 OK for: es-set-tostringtag@2.1.0 want: ^1.3.0
90 silly placeDep ROOT get-intrinsic@1.3.0 OK for: es-set-tostringtag@2.1.0 want: ^1.2.6
91 silly placeDep ROOT has-tostringtag@1.0.2 OK for: es-set-tostringtag@2.1.0 want: ^1.0.2
92 silly fetch manifest gopd@^1.2.0
93 silly packumentCache full:https://registry.npmjs.org/gopd cache-miss
94 silly fetch manifest get-proto@^1.0.1
95 silly packumentCache full:https://registry.npmjs.org/get-proto cache-miss
96 silly fetch manifest has-symbols@^1.1.0
97 silly packumentCache full:https://registry.npmjs.org/has-symbols cache-miss
98 http fetch GET 200 https://registry.npmjs.org/get-proto 111ms (cache miss)
99 silly packumentCache full:https://registry.npmjs.org/get-proto set size:undefined disposed:false
100 silly fetch manifest es-object-atoms@^1.1.1
101 silly packumentCache full:https://registry.npmjs.org/es-object-atoms cache-miss
102 http fetch GET 200 https://registry.npmjs.org/has-symbols 120ms (cache miss)
103 silly packumentCache full:https://registry.npmjs.org/has-symbols set size:undefined disposed:false
104 silly fetch manifest math-intrinsics@^1.1.0
105 silly packumentCache full:https://registry.npmjs.org/math-intrinsics cache-miss
106 http fetch GET 200 https://registry.npmjs.org/gopd 137ms (cache miss)
107 silly packumentCache full:https://registry.npmjs.org/gopd set size:undefined disposed:false
108 silly fetch manifest es-define-property@^1.0.1
109 silly packumentCache full:https://registry.npmjs.org/es-define-property cache-miss
110 http fetch GET 200 https://registry.npmjs.org/es-object-atoms 177ms (cache miss)
111 silly packumentCache full:https://registry.npmjs.org/es-object-atoms set size:undefined disposed:false
112 silly fetch manifest call-bind-apply-helpers@^1.0.2
113 silly packumentCache full:https://registry.npmjs.org/call-bind-apply-helpers cache-miss
114 http fetch GET 200 https://registry.npmjs.org/es-define-property 161ms (cache miss)
115 silly packumentCache full:https://registry.npmjs.org/es-define-property set size:undefined disposed:false
116 silly fetch manifest has-symbols@^1.0.3
117 silly packumentCache full:https://registry.npmjs.org/has-symbols cache-miss
118 http fetch GET 200 https://registry.npmjs.org/math-intrinsics 181ms (cache miss)
119 silly packumentCache full:https://registry.npmjs.org/math-intrinsics set size:undefined disposed:false
120 http fetch GET 200 https://registry.npmjs.org/has-symbols 56ms (cache hit)
121 silly packumentCache full:https://registry.npmjs.org/has-symbols set size:21550 disposed:false
122 http fetch GET 200 https://registry.npmjs.org/call-bind-apply-helpers 94ms (cache miss)
123 silly packumentCache full:https://registry.npmjs.org/call-bind-apply-helpers set size:undefined disposed:false
124 silly placeDep ROOT call-bind-apply-helpers@1.0.2 OK for: get-intrinsic@1.3.0 want: ^1.0.2
125 silly placeDep ROOT es-define-property@1.0.1 OK for: get-intrinsic@1.3.0 want: ^1.0.1
126 silly placeDep ROOT es-object-atoms@1.1.1 OK for: get-intrinsic@1.3.0 want: ^1.1.1
127 silly placeDep ROOT function-bind@1.1.2 OK for: get-intrinsic@1.3.0 want: ^1.1.2
128 silly placeDep ROOT get-proto@1.0.1 OK for: get-intrinsic@1.3.0 want: ^1.0.1
129 silly placeDep ROOT gopd@1.2.0 OK for: get-intrinsic@1.3.0 want: ^1.2.0
130 silly placeDep ROOT has-symbols@1.1.0 OK for: get-intrinsic@1.3.0 want: ^1.1.0
131 silly placeDep ROOT math-intrinsics@1.1.0 OK for: get-intrinsic@1.3.0 want: ^1.1.0
132 silly fetch manifest dunder-proto@^1.0.1
133 silly packumentCache full:https://registry.npmjs.org/dunder-proto cache-miss
134 http fetch GET 200 https://registry.npmjs.org/dunder-proto 87ms (cache miss)
135 silly packumentCache full:https://registry.npmjs.org/dunder-proto set size:undefined disposed:false
136 silly placeDep ROOT dunder-proto@1.0.1 OK for: get-proto@1.0.1 want: ^1.0.1
137 silly placeDep ROOT mime-db@1.52.0 OK for: mime-types@2.1.35 want: 1.52.0
138 silly reify moves {}
139 silly tarball no local data for has-symbols@https://registry.npmjs.org/has-symbols/-/has-symbols-1.1.0.tgz. Extracting by manifest.
140 silly tarball no local data for mime-db@https://registry.npmjs.org/mime-db/-/mime-db-1.52.0.tgz. Extracting by manifest.
141 silly tarball no local data for es-object-atoms@https://registry.npmjs.org/es-object-atoms/-/es-object-atoms-1.1.1.tgz. Extracting by manifest.
142 silly tarball no local data for get-proto@https://registry.npmjs.org/get-proto/-/get-proto-1.0.1.tgz. Extracting by manifest.
143 silly tarball no local data for function-bind@https://registry.npmjs.org/function-bind/-/function-bind-1.1.2.tgz. Extracting by manifest.
144 silly tarball no local data for math-intrinsics@https://registry.npmjs.org/math-intrinsics/-/math-intrinsics-1.1.0.tgz. Extracting by manifest.
145 silly tarball no local data for has-tostringtag@https://registry.npmjs.org/has-tostringtag/-/has-tostringtag-1.0.2.tgz. Extracting by manifest.
146 silly tarball no local data for call-bind-apply-helpers@https://registry.npmjs.org/call-bind-apply-helpers/-/call-bind-apply-helpers-1.0.2.tgz. Extracting by manifest.
147 silly tarball no local data for gopd@https://registry.npmjs.org/gopd/-/gopd-1.2.0.tgz. Extracting by manifest.
148 silly tarball no local data for dunder-proto@https://registry.npmjs.org/dunder-proto/-/dunder-proto-1.0.1.tgz. Extracting by manifest.
149 silly tarball no local data for delayed-stream@https://registry.npmjs.org/delayed-stream/-/delayed-stream-1.0.0.tgz. Extracting by manifest.
150 silly tarball no local data for es-define-property@https://registry.npmjs.org/es-define-property/-/es-define-property-1.0.1.tgz. Extracting by manifest.
151 silly tarball no local data for hasown@https://registry.npmjs.org/hasown/-/hasown-2.0.2.tgz. Extracting by manifest.
152 silly tarball no local data for mime-types@https://registry.npmjs.org/mime-types/-/mime-types-2.1.35.tgz. Extracting by manifest.
153 silly tarball no local data for es-errors@https://registry.npmjs.org/es-errors/-/es-errors-1.3.0.tgz. Extracting by manifest.
154 silly tarball no local data for combined-stream@https://registry.npmjs.org/combined-stream/-/combined-stream-1.0.8.tgz. Extracting by manifest.
155 silly tarball no local data for es-set-tostringtag@https://registry.npmjs.org/es-set-tostringtag/-/es-set-tostringtag-2.1.0.tgz. Extracting by manifest.
156 silly tarball no local data for asynckit@https://registry.npmjs.org/asynckit/-/asynckit-0.4.0.tgz. Extracting by manifest.
157 silly tarball no local data for proxy-from-env@https://registry.npmjs.org/proxy-from-env/-/proxy-from-env-1.1.0.tgz. Extracting by manifest.
158 silly tarball no local data for form-data@https://registry.npmjs.org/form-data/-/form-data-4.0.5.tgz. Extracting by manifest.
159 silly tarball no local data for follow-redirects@https://registry.npmjs.org/follow-redirects/-/follow-redirects-1.15.11.tgz. Extracting by manifest.
160 silly tarball no local data for node-red-contrib-zoom-meetings@https://registry.npmjs.org/node-red-contrib-zoom-meetings/-/node-red-contrib-zoom-meetings-0.0.3.tgz. Extracting by manifest.
161 silly tarball no local data for get-intrinsic@https://registry.npmjs.org/get-intrinsic/-/get-intrinsic-1.3.0.tgz. Extracting by manifest.
162 silly tarball no local data for axios@https://registry.npmjs.org/axios/-/axios-1.13.2.tgz. Extracting by manifest.
163 http fetch GET 200 https://registry.npmjs.org/es-set-tostringtag/-/es-set-tostringtag-2.1.0.tgz 1690ms (cache miss)
164 http fetch GET 200 https://registry.npmjs.org/has-symbols/-/has-symbols-1.1.0.tgz 1786ms (cache miss)
165 http fetch GET 200 https://registry.npmjs.org/es-object-atoms/-/es-object-atoms-1.1.1.tgz 1906ms (cache miss)
166 http fetch GET 200 https://registry.npmjs.org/combined-stream/-/combined-stream-1.0.8.tgz 1955ms (cache miss)
167 http fetch GET 200 https://registry.npmjs.org/form-data/-/form-data-4.0.5.tgz 2122ms (cache miss)
168 http fetch GET 200 https://registry.npmjs.org/proxy-from-env/-/proxy-from-env-1.1.0.tgz 2151ms (cache miss)
169 http fetch GET 200 https://registry.npmjs.org/follow-redirects/-/follow-redirects-1.15.11.tgz 2379ms (cache miss)
170 http fetch GET 200 https://registry.npmjs.org/node-red-contrib-zoom-meetings/-/node-red-contrib-zoom-meetings-0.0.3.tgz 2439ms (cache miss)
171 http fetch GET 200 https://registry.npmjs.org/asynckit/-/asynckit-0.4.0.tgz 2458ms (cache miss)
172 http fetch GET 200 https://registry.npmjs.org/get-proto/-/get-proto-1.0.1.tgz 2546ms (cache miss)
173 http fetch GET 200 https://registry.npmjs.org/delayed-stream/-/delayed-stream-1.0.0.tgz 2552ms (cache miss)
174 http fetch GET 200 https://registry.npmjs.org/gopd/-/gopd-1.2.0.tgz 2578ms (cache miss)
175 http fetch GET 200 https://registry.npmjs.org/get-intrinsic/-/get-intrinsic-1.3.0.tgz 2554ms (cache miss)
176 http fetch GET 200 https://registry.npmjs.org/hasown/-/hasown-2.0.2.tgz 2640ms (cache miss)
177 http fetch GET 200 https://registry.npmjs.org/mime-types/-/mime-types-2.1.35.tgz 2766ms (cache miss)
178 http fetch GET 200 https://registry.npmjs.org/mime-db/-/mime-db-1.52.0.tgz 2860ms (cache miss)
179 http fetch GET 200 https://registry.npmjs.org/dunder-proto/-/dunder-proto-1.0.1.tgz 2921ms (cache miss)
180 http fetch GET 200 https://registry.npmjs.org/es-define-property/-/es-define-property-1.0.1.tgz 2928ms (cache miss)
181 http fetch GET 200 https://registry.npmjs.org/function-bind/-/function-bind-1.1.2.tgz 2954ms (cache miss)
182 http fetch GET 200 https://registry.npmjs.org/es-errors/-/es-errors-1.3.0.tgz 2943ms (cache miss)
183 http fetch GET 200 https://registry.npmjs.org/call-bind-apply-helpers/-/call-bind-apply-helpers-1.0.2.tgz 2972ms (cache miss)
184 http fetch GET 200 https://registry.npmjs.org/has-tostringtag/-/has-tostringtag-1.0.2.tgz 2993ms (cache miss)
185 http fetch GET 200 https://registry.npmjs.org/math-intrinsics/-/math-intrinsics-1.1.0.tgz 3095ms (cache miss)
186 http fetch GET 200 https://registry.npmjs.org/axios/-/axios-1.13.2.tgz 4109ms (cache miss)
187 silly ADD node_modules/mime-db
188 silly ADD node_modules/dunder-proto
189 silly ADD node_modules/math-intrinsics
190 silly ADD node_modules/has-symbols
191 silly ADD node_modules/gopd
192 silly ADD node_modules/get-proto
193 silly ADD node_modules/function-bind
194 silly ADD node_modules/es-object-atoms
195 silly ADD node_modules/es-define-property
196 silly ADD node_modules/call-bind-apply-helpers
197 silly ADD node_modules/has-tostringtag
198 silly ADD node_modules/get-intrinsic
199 silly ADD node_modules/es-errors
200 silly ADD node_modules/delayed-stream
201 silly ADD node_modules/mime-types
202 silly ADD node_modules/hasown
203 silly ADD node_modules/es-set-tostringtag
204 silly ADD node_modules/combined-stream
205 silly ADD node_modules/asynckit
206 silly ADD node_modules/proxy-from-env
207 silly ADD node_modules/form-data
208 silly ADD node_modules/follow-redirects
209 silly ADD node_modules/axios
210 silly ADD node_modules/node-red-contrib-zoom-meetings
211 verbose cwd /data
212 verbose os Linux 6.6.87.2-microsoft-standard-WSL2
213 verbose node v20.19.6
214 verbose npm  v10.8.2
215 verbose exit 0
216 info ok
